<?xml version="1.0" encoding="UTF-8"?>
<!-- Generated by org.testng.reporters.JUnitReportReporter -->
<testsuite skipped="0" hostname="NikhilM2-MSL1" name="com.framework.CRM.rough.GoiboDynamicCalender" tests="1" failures="0" timestamp="07 Jun 2018 14:31:09 GMT" time="108.015" errors="0">
  <testcase name="selectMonth" time="108.015" classname="com.framework.CRM.rough.GoiboDynamicCalender"/>
</testsuite> <!-- com.framework.CRM.rough.GoiboDynamicCalender -->
