<?xml version="1.0" encoding="UTF-8"?>
<!-- Generated by org.testng.reporters.JUnitReportReporter -->
<testsuite skipped="0" hostname="NikhilM2-MSL1" name="com.framework.CRM.test.HomeTest" tests="4" failures="0" timestamp="08 Jun 2018 14:08:33 GMT" time="60.425" errors="0">
  <testcase name="checkUserProfile" time="11.673" classname="com.framework.CRM.test.HomeTest"/>
  <testcase name="clickOnCalender" time="16.431" classname="com.framework.CRM.test.HomeTest"/>
  <testcase name="clickonCompanies" time="18.973" classname="com.framework.CRM.test.HomeTest"/>
  <testcase name="clickOnContact" time="13.348" classname="com.framework.CRM.test.HomeTest"/>
</testsuite> <!-- com.framework.CRM.test.HomeTest -->
